[debug] [2024-04-22T07:49:58.843Z] ----------------------------------------------------------------------
[debug] [2024-04-22T07:49:58.846Z] Command:       C:\Users\Manav\DOWNLO~1\firebase-tools-instant-win.exe C:\Users\Manav\.cache\firebase\tools\lib\node_modules\firebase-tools\lib\bin\firebase init
[debug] [2024-04-22T07:49:58.846Z] CLI Version:   13.7.3
[debug] [2024-04-22T07:49:58.846Z] Platform:      win32
[debug] [2024-04-22T07:49:58.847Z] Node Version:  v18.5.0
[debug] [2024-04-22T07:49:58.848Z] Time:          Mon Apr 22 2024 03:49:58 GMT-0400 (Eastern Daylight Time)
[debug] [2024-04-22T07:49:58.848Z] ----------------------------------------------------------------------
[debug] 
[debug] [2024-04-22T07:49:58.858Z] > command requires scopes: ["email","openid","https://www.googleapis.com/auth/cloudplatformprojects.readonly","https://www.googleapis.com/auth/firebase","https://www.googleapis.com/auth/cloud-platform"]
[debug] [2024-04-22T07:49:58.859Z] > authorizing via signed-in user (team@theorganicknow.com)
[info] 
     ######## #### ########  ######## ########     ###     ######  ########
     ##        ##  ##     ## ##       ##     ##  ##   ##  ##       ##
     ######    ##  ########  ######   ########  #########  ######  ######
     ##        ##  ##    ##  ##       ##     ## ##     ##       ## ##
     ##       #### ##     ## ######## ########  ##     ##  ######  ########

You're about to initialize a Firebase project in this directory:

  C:\Users\Manav\Documents\Programming\Projects\zensync

[info] 
=== Project Setup
[info] 
[info] First, let's associate this project directory with a Firebase project.
[info] You can create multiple project aliases by running firebase use --add, 
[info] but for now we'll just set up a default project.
[info] 
[debug] [2024-04-22T07:51:45.739Z] >>> [apiv2][query] GET https://firebase.googleapis.com/v1beta1/projects pageSize=100
[debug] [2024-04-22T07:51:45.789Z] *** [apiv2] error from fetch(https://firebase.googleapis.com/v1beta1/projects?pageSize=100, {"headers":{},"method":"GET","signal":{}}): FetchError: request to https://firebase.googleapis.com/v1beta1/projects?pageSize=100 failed, reason: getaddrinfo ENOTFOUND firebase.googleapis.com
[debug] [2024-04-22T07:51:45.789Z] Failed to make request to https://firebase.googleapis.com/v1beta1/projects?pageSize=100
[debug] [2024-04-22T07:51:45.791Z] FirebaseError: Failed to make request to https://firebase.googleapis.com/v1beta1/projects?pageSize=100
    at RetryOperation._fn (C:\Users\Manav\.cache\firebase\tools\lib\node_modules\firebase-tools\lib\apiv2.js:253:31)
    at process.processTicksAndRejections (node:internal/process/task_queues:95:5)
[error] 
[error] Error: Failed to list Firebase projects. See firebase-debug.log for more info.
[debug] [2024-04-22T07:54:20.308Z] ----------------------------------------------------------------------
[debug] [2024-04-22T07:54:20.310Z] Command:       C:\Users\Manav\DOWNLO~1\firebase-tools-instant-win.exe C:\Users\Manav\.cache\firebase\tools\lib\node_modules\firebase-tools\lib\bin\firebase init
[debug] [2024-04-22T07:54:20.310Z] CLI Version:   13.7.3
[debug] [2024-04-22T07:54:20.310Z] Platform:      win32
[debug] [2024-04-22T07:54:20.310Z] Node Version:  v18.5.0
[debug] [2024-04-22T07:54:20.311Z] Time:          Mon Apr 22 2024 03:54:20 GMT-0400 (Eastern Daylight Time)
[debug] [2024-04-22T07:54:20.311Z] ----------------------------------------------------------------------
[debug] 
[debug] [2024-04-22T07:54:20.317Z] > command requires scopes: ["email","openid","https://www.googleapis.com/auth/cloudplatformprojects.readonly","https://www.googleapis.com/auth/firebase","https://www.googleapis.com/auth/cloud-platform"]
[debug] [2024-04-22T07:54:20.318Z] > authorizing via signed-in user (team@theorganicknow.com)
[info] 
     ######## #### ########  ######## ########     ###     ######  ########
     ##        ##  ##     ## ##       ##     ##  ##   ##  ##       ##
     ######    ##  ########  ######   ########  #########  ######  ######
     ##        ##  ##    ##  ##       ##     ## ##     ##       ## ##
     ##       #### ##     ## ######## ########  ##     ##  ######  ########

You're about to initialize a Firebase project in this directory:

  C:\Users\Manav\Documents\Programming\Projects\zensync

[info] 
=== Project Setup
[info] 
[info] First, let's associate this project directory with a Firebase project.
[info] You can create multiple project aliases by running firebase use --add, 
[info] but for now we'll just set up a default project.
[info] 
[debug] [2024-04-22T07:54:50.718Z] >>> [apiv2][query] GET https://firebase.googleapis.com/v1beta1/projects pageSize=100
[debug] [2024-04-22T07:54:50.754Z] *** [apiv2] error from fetch(https://firebase.googleapis.com/v1beta1/projects?pageSize=100, {"headers":{},"method":"GET","signal":{}}): FetchError: request to https://firebase.googleapis.com/v1beta1/projects?pageSize=100 failed, reason: getaddrinfo ENOTFOUND firebase.googleapis.com
[debug] [2024-04-22T07:54:50.755Z] Failed to make request to https://firebase.googleapis.com/v1beta1/projects?pageSize=100
[debug] [2024-04-22T07:54:50.755Z] FirebaseError: Failed to make request to https://firebase.googleapis.com/v1beta1/projects?pageSize=100
    at RetryOperation._fn (C:\Users\Manav\.cache\firebase\tools\lib\node_modules\firebase-tools\lib\apiv2.js:253:31)
    at process.processTicksAndRejections (node:internal/process/task_queues:95:5)
[error] 
[error] Error: Failed to list Firebase projects. See firebase-debug.log for more info.
